#
# There is insufficient memory for the Java Runtime Environment to continue.
# Native memory allocation (malloc) failed to allocate 465856 bytes for Chunk::new
# Possible reasons:
#   The system is out of physical RAM or swap space
#   In 32 bit mode, the process size limit was hit
# Possible solutions:
#   Reduce memory load on the system
#   Increase physical memory or swap space
#   Check if swap backing store is full
#   Use 64 bit Java on a 64 bit OS
#   Decrease Java heap size (-Xmx/-Xms)
#   Decrease number of Java threads
#   Decrease Java thread stack sizes (-Xss)
#   Set larger code cache with -XX:ReservedCodeCacheSize=
# This output file may be truncated or incomplete.
#
#  Out of Memory Error (allocation.cpp:390), pid=4976, tid=0x0000000000002740
#
# JRE version: Java(TM) SE Runtime Environment (8.0_111-b14) (build 1.8.0_111-b14)
# Java VM: Java HotSpot(TM) 64-Bit Server VM (25.111-b14 mixed mode windows-amd64 compressed oops)
# Failed to write core dump. Minidumps are not enabled by default on client versions of Windows
#

---------------  T H R E A D  ---------------

Current thread (0x00000000588c8800):  JavaThread "C2 CompilerThread0" daemon [_thread_in_native, id=10048, stack(0x0000000059140000,0x0000000059240000)]

Stack: [0x0000000059140000,0x0000000059240000]
[error occurred during error reporting (printing stack bounds), id 0xc0000005]

Native frames: (J=compiled Java code, j=interpreted, Vv=VM code, C=native code)


Current CompileTask:
C2:  35112 6038       4       java.beans.Introspector::addMethod (196 bytes)


---------------  P R O C E S S  ---------------

Java Threads: ( => current thread )
  0x000000005a90f800 JavaThread "https-jsse-nio-8443-exec-5" daemon [_thread_in_Java, id=4068, stack(0x000000005f810000,0x000000005f910000)]
  0x000000005a90e800 JavaThread "https-jsse-nio-8443-exec-4" daemon [_thread_blocked, id=6356, stack(0x00000000645b0000,0x00000000646b0000)]
  0x000000005a90e000 JavaThread "https-jsse-nio-8443-exec-3" daemon [_thread_blocked, id=5236, stack(0x000000005e3f0000,0x000000005e4f0000)]
  0x000000005a90d000 JavaThread "https-jsse-nio-8443-exec-2" daemon [_thread_blocked, id=6288, stack(0x00000000582b0000,0x00000000583b0000)]
  0x000000005cdb3000 JavaThread "https-jsse-nio-8443-exec-1" daemon [_thread_blocked, id=11260, stack(0x0000000062cc0000,0x0000000062dc0000)]
  0x000000005cdb2000 JavaThread "DestroyJavaVM" [_thread_blocked, id=9504, stack(0x00000000024e0000,0x00000000025e0000)]
  0x000000005cdb1800 JavaThread "https-jsse-nio-8443-AsyncTimeout" daemon [_thread_blocked, id=6844, stack(0x0000000064160000,0x0000000064260000)]
  0x000000005cdb0800 JavaThread "https-jsse-nio-8443-Acceptor-0" daemon [_thread_in_native, id=8212, stack(0x0000000063f90000,0x0000000064090000)]
  0x000000005cdb0000 JavaThread "https-jsse-nio-8443-ClientPoller-1" daemon [_thread_in_native, id=10528, stack(0x0000000063e80000,0x0000000063f80000)]
  0x000000005d70e800 JavaThread "https-jsse-nio-8443-ClientPoller-0" daemon [_thread_in_native, id=9684, stack(0x0000000063400000,0x0000000063500000)]
  0x000000005d70e000 JavaThread "NioBlockingSelector.BlockPoller-1" daemon [_thread_in_native, id=11024, stack(0x0000000062bb0000,0x0000000062cb0000)]
  0x000000005d70c800 JavaThread "pool-1-thread-1" [_thread_blocked, id=7936, stack(0x0000000063ac0000,0x0000000063bc0000)]
  0x000000005d70b800 JavaThread "redisMessageListenerContainer-1" [_thread_in_native, id=10940, stack(0x0000000063540000,0x0000000063640000)]
  0x000000005d70b000 JavaThread "Live Reload Server" daemon [_thread_in_native, id=10540, stack(0x0000000063070000,0x0000000063170000)]
  0x000000005d70a000 JavaThread "File Watcher" daemon [_thread_blocked, id=3500, stack(0x0000000063910000,0x0000000063a10000)]
  0x000000005960b800 JavaThread "container-0" [_thread_blocked, id=9020, stack(0x0000000062550000,0x0000000062650000)]
  0x0000000059f5c000 JavaThread "ContainerBackgroundProcessor[StandardEngine[Tomcat]]" daemon [_thread_blocked, id=8428, stack(0x0000000062310000,0x0000000062410000)]
  0x000000005d9e0000 JavaThread "commons-pool-EvictionTimer" daemon [_thread_blocked, id=6424, stack(0x0000000062410000,0x0000000062510000)]
  0x000000005894c000 JavaThread "Service Thread" daemon [_thread_blocked, id=5484, stack(0x0000000058ce0000,0x0000000058de0000)]
  0x00000000588ce800 JavaThread "C1 CompilerThread2" daemon [_thread_blocked, id=9244, stack(0x0000000059430000,0x0000000059530000)]
  0x00000000588cd000 JavaThread "C2 CompilerThread1" daemon [_thread_in_native, id=7900, stack(0x0000000059290000,0x0000000059390000)]
=>0x00000000588c8800 JavaThread "C2 CompilerThread0" daemon [_thread_in_native, id=10048, stack(0x0000000059140000,0x0000000059240000)]
  0x000000005727e800 JavaThread "Attach Listener" daemon [_thread_blocked, id=1192, stack(0x0000000058f70000,0x0000000059070000)]
  0x000000005727d000 JavaThread "Signal Dispatcher" daemon [_thread_blocked, id=9236, stack(0x0000000058e00000,0x0000000058f00000)]
  0x0000000057260800 JavaThread "Finalizer" daemon [_thread_blocked, id=10976, stack(0x00000000587c0000,0x00000000588c0000)]
  0x0000000057219800 JavaThread "Reference Handler" daemon [_thread_blocked, id=10916, stack(0x0000000058580000,0x0000000058680000)]

Other Threads:
  0x0000000057212000 VMThread [stack: 0x00000000583b0000,0x00000000584b0000] [id=7812]
  0x0000000058926000 WatcherThread [stack: 0x00000000586b0000,0x00000000587b0000] [id=8580]

VM state:not at safepoint (normal execution)

VM Mutex/Monitor currently owned by a thread: None

Heap:
 PSYoungGen      total 339968K, used 288061K [0x00000000d6f80000, 0x00000000f6f00000, 0x0000000100000000)
  eden space 324096K, 83% used [0x00000000d6f80000,0x00000000e794f950,0x00000000eac00000)
  from space 15872K, 99% used [0x00000000eac00000,0x00000000ebb7fd60,0x00000000ebb80000)
  to   space 19456K, 0% used [0x00000000f5c00000,0x00000000f5c00000,0x00000000f6f00000)
 ParOldGen       total 67584K, used 23656K [0x0000000084e00000, 0x0000000089000000, 0x00000000d6f80000)
  object space 67584K, 35% used [0x0000000084e00000,0x000000008651a170,0x0000000089000000)
 Metaspace       used 53410K, capacity 54120K, committed 54528K, reserved 1097728K
  class space    used 6640K, capacity 6833K, committed 6912K, reserved 1048576K

Card table byte_map: [0x0000000011c70000,0x0000000012050000] byte_map_base: 0x0000000011849000

Marking Bits: (ParMarkBitMap*) 0x0000000070aba6c0
 Begin Bits: [0x0000000012710000, 0x00000000145d8000)
 End Bits:   [0x00000000145d8000, 0x00000000164a0000)

Polling page: 0x0000000000260000

CodeCache: size=245760Kb used=18280Kb max_used=19272Kb free=227479Kb
 bounds [0x00000000028b0000, 0x0000000003ba0000, 0x00000000118b0000]
 total_blobs=5745 nmethods=4989 adapters=668
 compilation: enabled

Compilation events (10 events):
Event: 34.991 Thread 0x00000000588ce800 6059 %     3       org.unbescape.html.HtmlEscapeSymbols::<init> @ 366 (640 bytes)
Event: 34.997 Thread 0x00000000588ce800 nmethod 6059% 0x00000000035cdb90 code [0x00000000035ce1c0, 0x00000000035d2318]
Event: 34.998 Thread 0x00000000588ce800 6060       3       org.unbescape.html.HtmlEscapeSymbols::<init> (640 bytes)
Event: 35.004 Thread 0x00000000588ce800 nmethod 6060 0x0000000003623110 code [0x00000000036238c0, 0x00000000036291c8]
Event: 35.014 Thread 0x00000000588ce800 6062       2       org.unbescape.html.HtmlEscapeSymbols::positionInList (48 bytes)
Event: 35.015 Thread 0x00000000588ce800 nmethod 6062 0x0000000002a8fc50 code [0x0000000002a8fde0, 0x0000000002a90078]
Event: 35.019 Thread 0x00000000588ce800 6063 %     3       org.unbescape.html.HtmlEscapeSymbols::positionInList @ 9 (48 bytes)
Event: 35.019 Thread 0x00000000588ce800 nmethod 6063% 0x0000000002e1bb90 code [0x0000000002e1bd40, 0x0000000002e1c338]
Event: 35.023 Thread 0x00000000588ce800 6064       3       org.unbescape.html.HtmlEscapeSymbols::positionInList (48 bytes)
Event: 35.023 Thread 0x00000000588ce800 nmethod 6064 0x0000000002a90cd0 code [0x0000000002a90e80, 0x0000000002a913f8]

GC Heap History (10 events):
Event: 4.816 GC heap before
{Heap before GC invocations=9 (full 1):
 PSYoungGen      total 131072K, used 126011K [0x00000000d6f80000, 0x00000000e5b00000, 0x0000000100000000)
  eden space 119808K, 100% used [0x00000000d6f80000,0x00000000de480000,0x00000000de480000)
  from space 11264K, 55% used [0x00000000de480000,0x00000000dea8ed30,0x00000000def80000)
  to   space 10752K, 0% used [0x00000000e5080000,0x00000000e5080000,0x00000000e5b00000)
 ParOldGen       total 50688K, used 9465K [0x0000000084e00000, 0x0000000087f80000, 0x00000000d6f80000)
  object space 50688K, 18% used [0x0000000084e00000,0x000000008573e690,0x0000000087f80000)
 Metaspace       used 24270K, capacity 24652K, committed 24960K, reserved 1071104K
  class space    used 2970K, capacity 3115K, committed 3200K, reserved 1048576K
Event: 4.899 GC heap after
Heap after GC invocations=9 (full 1):
 PSYoungGen      total 228864K, used 10743K [0x00000000d6f80000, 0x00000000e5f00000, 0x0000000100000000)
  eden space 218112K, 0% used [0x00000000d6f80000,0x00000000d6f80000,0x00000000e4480000)
  from space 10752K, 99% used [0x00000000e5080000,0x00000000e5afdfb0,0x00000000e5b00000)
  to   space 12288K, 0% used [0x00000000e4480000,0x00000000e4480000,0x00000000e5080000)
 ParOldGen       total 50688K, used 9721K [0x0000000084e00000, 0x0000000087f80000, 0x00000000d6f80000)
  object space 50688K, 19% used [0x0000000084e00000,0x000000008577e710,0x0000000087f80000)
 Metaspace       used 24270K, capacity 24652K, committed 24960K, reserved 1071104K
  class space    used 2970K, capacity 3115K, committed 3200K, reserved 1048576K
}
Event: 8.129 GC heap before
{Heap before GC invocations=10 (full 1):
 PSYoungGen      total 228864K, used 228855K [0x00000000d6f80000, 0x00000000e5f00000, 0x0000000100000000)
  eden space 218112K, 100% used [0x00000000d6f80000,0x00000000e4480000,0x00000000e4480000)
  from space 10752K, 99% used [0x00000000e5080000,0x00000000e5afdfb0,0x00000000e5b00000)
  to   space 12288K, 0% used [0x00000000e4480000,0x00000000e4480000,0x00000000e5080000)
 ParOldGen       total 50688K, used 9721K [0x0000000084e00000, 0x0000000087f80000, 0x00000000d6f80000)
  object space 50688K, 19% used [0x0000000084e00000,0x000000008577e710,0x0000000087f80000)
 Metaspace       used 34773K, capacity 35154K, committed 35456K, reserved 1081344K
  class space    used 4309K, capacity 4456K, committed 4480K, reserved 1048576K
Event: 8.162 GC heap after
Heap after GC invocations=10 (full 1):
 PSYoungGen      total 230400K, used 12277K [0x00000000d6f80000, 0x00000000ecb80000, 0x0000000100000000)
  eden space 218112K, 0% used [0x00000000d6f80000,0x00000000d6f80000,0x00000000e4480000)
  from space 12288K, 99% used [0x00000000e4480000,0x00000000e507d4e8,0x00000000e5080000)
  to   space 16384K, 0% used [0x00000000ebb80000,0x00000000ebb80000,0x00000000ecb80000)
 ParOldGen       total 50688K, used 16731K [0x0000000084e00000, 0x0000000087f80000, 0x00000000d6f80000)
  object space 50688K, 33% used [0x0000000084e00000,0x0000000085e56f00,0x0000000087f80000)
 Metaspace       used 34773K, capacity 35154K, committed 35456K, reserved 1081344K
  class space    used 4309K, capacity 4456K, committed 4480K, reserved 1048576K
}
Event: 8.288 GC heap before
{Heap before GC invocations=11 (full 1):
 PSYoungGen      total 230400K, used 20239K [0x00000000d6f80000, 0x00000000ecb80000, 0x0000000100000000)
  eden space 218112K, 3% used [0x00000000d6f80000,0x00000000d7746988,0x00000000e4480000)
  from space 12288K, 99% used [0x00000000e4480000,0x00000000e507d4e8,0x00000000e5080000)
  to   space 16384K, 0% used [0x00000000ebb80000,0x00000000ebb80000,0x00000000ecb80000)
 ParOldGen       total 50688K, used 16731K [0x0000000084e00000, 0x0000000087f80000, 0x00000000d6f80000)
  object space 50688K, 33% used [0x0000000084e00000,0x0000000085e56f00,0x0000000087f80000)
 Metaspace       used 34888K, capacity 35282K, committed 35456K, reserved 1081344K
  class space    used 4316K, capacity 4456K, committed 4480K, reserved 1048576K
Event: 8.317 GC heap after
Heap after GC invocations=11 (full 1):
 PSYoungGen      total 340480K, used 6820K [0x00000000d6f80000, 0x00000000ed080000, 0x0000000100000000)
  eden space 324096K, 0% used [0x00000000d6f80000,0x00000000d6f80000,0x00000000eac00000)
  from space 16384K, 41% used [0x00000000ebb80000,0x00000000ec2293e8,0x00000000ecb80000)
  to   space 15872K, 0% used [0x00000000eac00000,0x00000000eac00000,0x00000000ebb80000)
 ParOldGen       total 50688K, used 19303K [0x0000000084e00000, 0x0000000087f80000, 0x00000000d6f80000)
  object space 50688K, 38% used [0x0000000084e00000,0x00000000860d9f88,0x0000000087f80000)
 Metaspace       used 34888K, capacity 35282K, committed 35456K, reserved 1081344K
  class space    used 4316K, capacity 4456K, committed 4480K, reserved 1048576K
}
Event: 8.317 GC heap before
{Heap before GC invocations=12 (full 2):
 PSYoungGen      total 340480K, used 6820K [0x00000000d6f80000, 0x00000000ed080000, 0x0000000100000000)
  eden space 324096K, 0% used [0x00000000d6f80000,0x00000000d6f80000,0x00000000eac00000)
  from space 16384K, 41% used [0x00000000ebb80000,0x00000000ec2293e8,0x00000000ecb80000)
  to   space 15872K, 0% used [0x00000000eac00000,0x00000000eac00000,0x00000000ebb80000)
 ParOldGen       total 50688K, used 19303K [0x0000000084e00000, 0x0000000087f80000, 0x00000000d6f80000)
  object space 50688K, 38% used [0x0000000084e00000,0x00000000860d9f88,0x0000000087f80000)
 Metaspace       used 34888K, capacity 35282K, committed 35456K, reserved 1081344K
  class space    used 4316K, capacity 4456K, committed 4480K, reserved 1048576K
Event: 8.412 GC heap after
Heap after GC invocations=12 (full 2):
 PSYoungGen      total 340480K, used 0K [0x00000000d6f80000, 0x00000000ed080000, 0x0000000100000000)
  eden space 324096K, 0% used [0x00000000d6f80000,0x00000000d6f80000,0x00000000eac00000)
  from space 16384K, 0% used [0x00000000ebb80000,0x00000000ebb80000,0x00000000ecb80000)
  to   space 15872K, 0% used [0x00000000eac00000,0x00000000eac00000,0x00000000ebb80000)
 ParOldGen       total 67584K, used 19954K [0x0000000084e00000, 0x0000000089000000, 0x00000000d6f80000)
  object space 67584K, 29% used [0x0000000084e00000,0x000000008617c818,0x0000000089000000)
 Metaspace       used 34888K, capacity 35282K, committed 35456K, reserved 1081344K
  class space    used 4316K, capacity 4456K, committed 4480K, reserved 1048576K
}
Event: 12.870 GC heap before
{Heap before GC invocations=13 (full 2):
 PSYoungGen      total 340480K, used 324096K [0x00000000d6f80000, 0x00000000ed080000, 0x0000000100000000)
  eden space 324096K, 100% used [0x00000000d6f80000,0x00000000eac00000,0x00000000eac00000)
  from space 16384K, 0% used [0x00000000ebb80000,0x00000000ebb80000,0x00000000ecb80000)
  to   space 15872K, 0% used [0x00000000eac00000,0x00000000eac00000,0x00000000ebb80000)
 ParOldGen       total 67584K, used 19954K [0x0000000084e00000, 0x0000000089000000, 0x00000000d6f80000)
  object space 67584K, 29% used [0x0000000084e00000,0x000000008617c818,0x0000000089000000)
 Metaspace       used 43753K, capacity 44312K, committed 44800K, reserved 1089536K
  class space    used 5391K, capacity 5535K, committed 5632K, reserved 1048576K
Event: 12.930 GC heap after
Heap after GC invocations=13 (full 2):
 PSYoungGen      total 339968K, used 15871K [0x00000000d6f80000, 0x00000000f6f00000, 0x0000000100000000)
  eden space 324096K, 0% used [0x00000000d6f80000,0x00000000d6f80000,0x00000000eac00000)
  from space 15872K, 99% used [0x00000000eac00000,0x00000000ebb7fd60,0x00000000ebb80000)
  to   space 19456K, 0% used [0x00000000f5c00000,0x00000000f5c00000,0x00000000f6f00000)
 ParOldGen       total 67584K, used 23656K [0x0000000084e00000, 0x0000000089000000, 0x00000000d6f80000)
  object space 67584K, 35% used [0x0000000084e00000,0x000000008651a170,0x0000000089000000)
 Metaspace       used 43753K, capacity 44312K, committed 44800K, reserved 1089536K
  class space    used 5391K, capacity 5535K, committed 5632K, reserved 1048576K
}

Deoptimization events (10 events):
Event: 17.863 Thread 0x0000000059fa2800 Uncommon trap: reason=unstable_if action=reinterpret pc=0x0000000003b57794 method=java.lang.ClassLoader.checkCerts(Ljava/lang/String;Ljava/security/CodeSource;)V @ 29
Event: 34.454 Thread 0x000000005a90e800 Uncommon trap: reason=unstable_if action=reinterpret pc=0x000000000365502c method=java.lang.ClassLoader.checkName(Ljava/lang/String;)Z @ 20
Event: 34.455 Thread 0x000000005a90e800 Uncommon trap: reason=unstable_if action=reinterpret pc=0x0000000002c2ef94 method=java.lang.ClassLoader.checkName(Ljava/lang/String;)Z @ 20
Event: 34.455 Thread 0x000000005a90e800 Uncommon trap: reason=unstable_if action=reinterpret pc=0x0000000002c23fb8 method=java.lang.ClassLoader.checkName(Ljava/lang/String;)Z @ 20
Event: 34.456 Thread 0x000000005a90e800 Uncommon trap: reason=unstable_if action=reinterpret pc=0x0000000002ea4508 method=java.lang.ClassLoader.checkName(Ljava/lang/String;)Z @ 20
Event: 34.464 Thread 0x000000005a90e800 Uncommon trap: reason=bimorphic action=maybe_recompile pc=0x0000000003b220ec method=java.util.AbstractList$Itr.next()Ljava/lang/Object; @ 14
Event: 34.616 Thread 0x000000005a90f800 Uncommon trap: reason=unstable_if action=reinterpret pc=0x0000000002bbd8c4 method=java.util.StringTokenizer.nextToken()Ljava/lang/String; @ 5
Event: 34.735 Thread 0x000000005a90f800 Uncommon trap: reason=bimorphic action=maybe_recompile pc=0x0000000003b220ec method=java.util.AbstractList$Itr.next()Ljava/lang/Object; @ 14
Event: 34.899 Thread 0x000000005a90f800 Uncommon trap: reason=unstable_if action=reinterpret pc=0x0000000003a2cdf8 method=java.lang.CharacterData.of(I)Ljava/lang/CharacterData; @ 4
Event: 34.945 Thread 0x000000005a90f800 Uncommon trap: reason=unstable_if action=reinterpret pc=0x0000000002cdf3ec method=java.lang.ClassLoader.getClassLoadingLock(Ljava/lang/String;)Ljava/lang/Object; @ 6

Internal exceptions (10 events):
Event: 34.916 Thread 0x000000005a90f800 Exception <a 'java/lang/ClassNotFoundException': org/thymeleaf/ArgumentsBeanInfo> (0x00000000e73e0db0) thrown at [C:\re\workspace\8-2-build-windows-amd64-cygwin\jdk8u111\7883\hotspot\src\share\vm\classfile\systemDictionary.cpp, line 210]
Event: 34.918 Thread 0x000000005a90f800 Exception <a 'java/lang/ClassNotFoundException': org/thymeleaf/context/AbstractDialectAwareProcessingContextBeanInfo> (0x00000000e7403a70) thrown at [C:\re\workspace\8-2-build-windows-amd64-cygwin\jdk8u111\7883\hotspot\src\share\vm\classfile\systemDiction
Event: 34.922 Thread 0x000000005a90f800 Exception <a 'java/lang/ClassNotFoundException': org/thymeleaf/context/AbstractProcessingContextBeanInfo> (0x00000000e7422958) thrown at [C:\re\workspace\8-2-build-windows-amd64-cygwin\jdk8u111\7883\hotspot\src\share\vm\classfile\systemDictionary.cpp, lin
Event: 34.923 Thread 0x000000005a90f800 Exception <a 'java/lang/ClassNotFoundException': java/lang/ObjectBeanInfo> (0x00000000e742fcd0) thrown at [C:\re\workspace\8-2-build-windows-amd64-cygwin\jdk8u111\7883\hotspot\src\share\vm\classfile\systemDictionary.cpp, line 210]
Event: 34.924 Thread 0x000000005a90f800 Exception <a 'java/lang/ClassNotFoundException': java/lang/ObjectCustomizer> (0x00000000e743cd68) thrown at [C:\re\workspace\8-2-build-windows-amd64-cygwin\jdk8u111\7883\hotspot\src\share\vm\classfile\systemDictionary.cpp, line 210]
Event: 34.925 Thread 0x000000005a90f800 Exception <a 'java/lang/ClassNotFoundException': org/thymeleaf/context/AbstractProcessingContextCustomizer> (0x00000000e745fc98) thrown at [C:\re\workspace\8-2-build-windows-amd64-cygwin\jdk8u111\7883\hotspot\src\share\vm\classfile\systemDictionary.cpp, l
Event: 34.926 Thread 0x000000005a90f800 Exception <a 'java/lang/ClassNotFoundException': org/thymeleaf/context/AbstractDialectAwareProcessingContextCustomizer> (0x00000000e748de40) thrown at [C:\re\workspace\8-2-build-windows-amd64-cygwin\jdk8u111\7883\hotspot\src\share\vm\classfile\systemDicti
Event: 34.928 Thread 0x000000005a90f800 Exception <a 'java/lang/ClassNotFoundException': org/thymeleaf/ArgumentsCustomizer> (0x00000000e74a8e88) thrown at [C:\re\workspace\8-2-build-windows-amd64-cygwin\jdk8u111\7883\hotspot\src\share\vm\classfile\systemDictionary.cpp, line 210]
Event: 34.938 Thread 0x000000005a90f800 Exception <a 'java/lang/ClassNotFoundException': nz/net/ultraq/thymeleaf/fragments/FragmentFinderBeanInfo> (0x00000000e7525728) thrown at [C:\re\workspace\8-2-build-windows-amd64-cygwin\jdk8u111\7883\hotspot\src\share\vm\classfile\systemDictionary.cpp, li
Event: 34.939 Thread 0x000000005a90f800 Exception <a 'java/lang/ClassNotFoundException': nz/net/ultraq/thymeleaf/fragments/FragmentFinderCustomizer> (0x00000000e75445d8) thrown at [C:\re\workspace\8-2-build-windows-amd64-cygwin\jdk8u111\7883\hotspot\src\share\vm\classfile\systemDictionary.cpp, 

Events (10 events):
Event: 34.957 loading class org/unbescape/html/HtmlEscapeSymbols$References
Event: 34.957 loading class org/unbescape/html/HtmlEscapeSymbols$References done
Event: 34.957 loading class org/unbescape/html/HtmlEscapeSymbols$Reference
Event: 34.957 loading class org/unbescape/html/HtmlEscapeSymbols$Reference done
Event: 34.959 loading class org/unbescape/html/HtmlEscapeSymbols$1
Event: 34.959 loading class org/unbescape/html/HtmlEscapeSymbols$1 done
Event: 34.966 loading class org/unbescape/html/Html5EscapeSymbolsInitializer
Event: 34.966 loading class org/unbescape/html/Html5EscapeSymbolsInitializer done
Event: 35.023 Thread 0x000000005a90f800 DEOPT PACKING pc=0x0000000002a8ff4c sp=0x000000005f90ac80
Event: 35.023 Thread 0x000000005a90f800 DEOPT UNPACKING pc=0x00000000028f787f sp=0x000000005f90a998 mode 0


Dynamic libraries:
0x000000013faf0000 - 0x000000013fb27000 	C:\Program Files\Java\jdk1.8.0_111\bin\java.exe
0x0000000077a80000 - 0x0000000077c1f000 	C:\Windows\SYSTEM32\ntdll.dll
0x0000000077960000 - 0x0000000077a7f000 	C:\Windows\system32\kernel32.dll
0x000007fefda90000 - 0x000007fefdafa000 	C:\Windows\system32\KERNELBASE.dll
0x0000000075440000 - 0x00000000754d5000 	C:\Windows\System32\SYSFER.DLL
0x000007fefefe0000 - 0x000007feff0bb000 	C:\Windows\system32\ADVAPI32.dll
0x000007feff0c0000 - 0x000007feff15f000 	C:\Windows\system32\msvcrt.dll
0x000007feffd50000 - 0x000007feffd6f000 	C:\Windows\SYSTEM32\sechost.dll
0x000007feff4b0000 - 0x000007feff5dd000 	C:\Windows\system32\RPCRT4.dll
0x0000000077860000 - 0x000000007795a000 	C:\Windows\system32\USER32.dll
0x000007feff260000 - 0x000007feff2c7000 	C:\Windows\system32\GDI32.dll
0x000007fefec10000 - 0x000007fefec1e000 	C:\Windows\system32\LPK.dll
0x000007feffc80000 - 0x000007feffd4b000 	C:\Windows\system32\USP10.dll
0x000007fefc0b0000 - 0x000007fefc2a4000 	C:\Windows\WinSxS\amd64_microsoft.windows.common-controls_6595b64144ccf1df_6.0.7601.18837_none_fa3b1e3d17594757\COMCTL32.dll
0x000007feff1e0000 - 0x000007feff251000 	C:\Windows\system32\SHLWAPI.dll
0x000007fefe8a0000 - 0x000007fefe8ce000 	C:\Windows\system32\IMM32.DLL
0x000007feff5e0000 - 0x000007feff6e9000 	C:\Windows\system32\MSCTF.dll
0x0000000079460000 - 0x0000000079532000 	C:\Program Files\Java\jdk1.8.0_111\jre\bin\msvcr100.dll
0x00000000702a0000 - 0x0000000070b3a000 	C:\Program Files\Java\jdk1.8.0_111\jre\bin\server\jvm.dll
0x000007feeb040000 - 0x000007feeb049000 	C:\Windows\system32\WSOCK32.dll
0x000007feff880000 - 0x000007feff8cd000 	C:\Windows\system32\WS2_32.dll
0x000007fefe8d0000 - 0x000007fefe8d8000 	C:\Windows\system32\NSI.dll
0x000007fefb800000 - 0x000007fefb83b000 	C:\Windows\system32\WINMM.dll
0x000007fefc820000 - 0x000007fefc82c000 	C:\Windows\system32\VERSION.dll
0x0000000077c30000 - 0x0000000077c37000 	C:\Windows\system32\PSAPI.DLL
0x0000000000250000 - 0x000000000025f000 	C:\Program Files\Java\jdk1.8.0_111\jre\bin\verify.dll
0x000000006d7a0000 - 0x000000006d7c9000 	C:\Program Files\Java\jdk1.8.0_111\jre\bin\java.dll
0x0000000001cc0000 - 0x0000000001cd6000 	C:\Program Files\Java\jdk1.8.0_111\jre\bin\zip.dll
0x000007fefdb10000 - 0x000007fefe89b000 	C:\Windows\system32\SHELL32.dll
0x000007fefedc0000 - 0x000007fefefbd000 	C:\Windows\system32\ole32.dll
0x000007fefd760000 - 0x000007fefd76f000 	C:\Windows\system32\profapi.dll
0x000000006d770000 - 0x000000006d77d000 	C:\Program Files\Java\jdk1.8.0_111\jre\bin\management.dll
0x000000006f460000 - 0x000000006f47a000 	C:\Program Files\Java\jdk1.8.0_111\jre\bin\net.dll
0x000007fefcee0000 - 0x000007fefcf35000 	C:\Windows\system32\mswsock.dll
0x000007fefced0000 - 0x000007fefced7000 	C:\Windows\System32\wship6.dll
0x000007fefb550000 - 0x000007fefb565000 	C:\Windows\system32\NLAapi.dll
0x000007fef99e0000 - 0x000007fef99f5000 	C:\Windows\system32\napinsp.dll
0x000007fef9a00000 - 0x000007fef9a19000 	C:\Windows\system32\pnrpnsp.dll
0x000007fefcd60000 - 0x000007fefcdbb000 	C:\Windows\system32\DNSAPI.dll
0x000007fef99d0000 - 0x000007fef99db000 	C:\Windows\System32\winrnr.dll
0x000007fef99c0000 - 0x000007fef99d0000 	C:\Windows\system32\wshbth.dll
0x000007fefa1a0000 - 0x000007fefa1c1000 	C:\Windows\FireEye\NamespaceToEvents.dll
0x000007fefc8f0000 - 0x000007fefc8f7000 	C:\Windows\System32\wshtcpip.dll
0x000007fefadb0000 - 0x000007fefadd7000 	C:\Windows\system32\IPHLPAPI.DLL
0x000007fefada0000 - 0x000007fefadab000 	C:\Windows\system32\WINNSI.DLL
0x000007fef9980000 - 0x000007fef9988000 	C:\Windows\system32\rasadhlp.dll
0x000007fefa850000 - 0x000007fefa8a3000 	C:\Windows\System32\fwpuclnt.dll
0x00000000701e0000 - 0x00000000701f1000 	C:\Program Files\Java\jdk1.8.0_111\jre\bin\nio.dll
0x000007fefcf40000 - 0x000007fefcf58000 	C:\Windows\system32\CRYPTSP.dll
0x000007fefcc40000 - 0x000007fefcc87000 	C:\Windows\system32\rsaenh.dll
0x000007fefda30000 - 0x000007fefda4e000 	C:\Windows\system32\USERENV.dll
0x000007fefd5f0000 - 0x000007fefd5ff000 	C:\Windows\system32\CRYPTBASE.dll
0x000007fefa8d0000 - 0x000007fefa8e1000 	C:\Windows\system32\dhcpcsvc6.DLL
0x000007fefa8b0000 - 0x000007fefa8c8000 	C:\Windows\system32\dhcpcsvc.DLL
0x0000000001d40000 - 0x0000000001d64000 	C:\Program Files\Java\jdk1.8.0_111\jre\bin\sunec.dll
0x000000006d790000 - 0x000000006d79b000 	C:\Program Files\Java\jdk1.8.0_111\jre\bin\sunmscapi.dll
0x000007fefd8c0000 - 0x000007fefda2d000 	C:\Windows\system32\CRYPT32.dll
0x000007fefd750000 - 0x000007fefd75f000 	C:\Windows\system32\MSASN1.dll

VM Arguments:
jvm_args: -Dfile.encoding=windows-1252 -Duser.country=US -Duser.language=en -Duser.variant 
java_command: com.twitter.TwitterEduApp.TwitterEduAppApplication
java_class_path (initial): C:\Users\EMAWARY\Downloads\TwitterEduApp\TwitterEduApp\build\classes\main;C:\Users\EMAWARY\Downloads\TwitterEduApp\TwitterEduApp\build\resources\main;C:\Users\EMAWARY\.gradle\caches\modules-2\files-2.1\com.fasterxml.jackson.datatype\jackson-datatype-jsr310\2.8.6\85837b90877661b30c96117608044d1da8892dc3\jackson-datatype-jsr310-2.8.6.jar;C:\Users\EMAWARY\.gradle\caches\modules-2\files-2.1\org.springframework.boot\spring-boot-starter\1.4.4.RELEASE\71348c5eb769898f5fb43778cc3b2b41cd47ed85\spring-boot-starter-1.4.4.RELEASE.jar;C:\Users\EMAWARY\.gradle\caches\modules-2\files-2.1\org.webjars\materializecss\0.96.0\407ac7eb8c027f474d641424bef4514497b3ce6b\materializecss-0.96.0.jar;C:\Users\EMAWARY\.gradle\caches\modules-2\files-2.1\org.webjars\jquery\2.1.4\444c76e4ff085cac934a668ea52b9e29a40e45e6\jquery-2.1.4.jar;C:\Users\EMAWARY\.gradle\caches\modules-2\files-2.1\org.springframework.boot\spring-boot-starter-web\1.4.4.RELEASE\66f844bd63c9a02b57d0eaebeb58a124cce9bba9\spring-boot-starter-web-1.4.4.RELEASE.jar;C:\Users\EMAWARY\.gradle\caches\modules-2\files-2.1\org.springframework.boot\spring-boot-starter-thymeleaf\1.4.4.RELEASE\43394238fa5cb949fc7d10e95a85a2b242ce286\spring-boot-starter-thymeleaf-1.4.4.RELEASE.jar;C:\Users\EMAWARY\.gradle\caches\modules-2\files-2.1\org.springframework.boot\spring-boot-starter-social-twitter\1.4.4.RELEASE\51a437d81b5d1f78bc60ed161542cdca81cdd140\spring-boot-starter-social-twitter-1.4.4.RELEASE.jar;C:\Users\EMAWARY\.gradle\caches\modules-2\files-2.1\io.springfox\springfox-swagger2\2.1.2\536afbf541109e46ed6905f20999716f8c620572\springfox-swagger2-2.1.2.jar;C:\Users\EMAWARY\.gradle\caches\modules-2\files-2.1\io.springfox\springfox-swagger-ui\2.1.2\4b5e64336c9ac78e90b05b4c0f7def4e81a756bb\springfox-swagger-ui-2.1.2.jar;C:\Users\EMAWARY\.gradle\caches\modules-2\files-2.1\com.fasterxml.jackson.dataformat\jackson-dataformat-xml\2.8.6\f91cca81f97ea8b9559e44898b64a4bdb1bc39d5\jackson-dataformat-xml-2.8.6.jar;C:\Users\EMAWARY
Launcher Type: SUN_STANDARD

Environment Variables:
JAVA_HOME=C:\Program Files\Java\jdk1.8.0_111
CLASSPATH=C:\Users\EMAWARY\Downloads\TwitterEduApp\TwitterEduApp\\gradle\wrapper\gradle-wrapper.jar
PATH=C:\Windows\System32;C:\Windows\system32;C:\Windows;C:\Windows\System32\Wbem;C:\Windows\System32\WindowsPowerShell\v1.0\;C:\Users\EMAWARY\Downloads\apache-maven-3.3.9\bin;C:\windows;C:\Program Files\Java\jdk1.8.0_111\bin;
USERNAME=EMAWARY
OS=Windows_NT
PROCESSOR_IDENTIFIER=Intel64 Family 6 Model 60 Stepping 3, GenuineIntel



---------------  S Y S T E M  ---------------

OS: Windows 7 , 64 bit Build 7601 (6.1.7601.24024)

CPU:total 4 (2 cores per cpu, 2 threads per core) family 6 model 60 stepping 3, cmov, cx8, fxsr, mmx, sse, sse2, sse3, ssse3, sse4.1, sse4.2, popcnt, avx, avx2, aes, clmul, erms, lzcnt, ht, tsc, tscinvbit, bmi1, bmi2

Memory: 4k page, physical 8068872k(902588k free), swap 19847248k(2580588k free)

vm_info: Java HotSpot(TM) 64-Bit Server VM (25.111-b14) for windows-amd64 JRE (1.8.0_111-b14), built on Sep 22 2016 19:24:05 by "java_re" with MS VC++ 10.0 (VS2010)

time: Mon Mar 12 12:02:38 2018
elapsed time: 35 seconds (0d 0h 0m 35s)

